<?xml version="1.0" encoding="UTF-8"?>
<testng-results ignored="0" total="1" passed="1" failed="0" skipped="0">
  <reporter-output>
  </reporter-output>
  <suite started-at="2021-02-04T20:57:19 CET" name="Default suite" finished-at="2021-02-04T20:59:35 CET" duration-ms="136758">
    <groups>
    </groups>
    <test started-at="2021-02-04T20:57:19 CET" name="Default test" finished-at="2021-02-04T20:59:35 CET" duration-ms="136758">
      <class name="tests.DemoTests">
        <test-method signature="demoTest()[pri:0, instance:tests.DemoTests@2928854b]" started-at="2021-02-04T20:57:19 CET" name="demoTest" finished-at="2021-02-04T20:59:35 CET" duration-ms="135912" status="PASS">
          <reporter-output>
          </reporter-output>
        </test-method> <!-- demoTest -->
      </class> <!-- tests.DemoTests -->
    </test> <!-- Default test -->
  </suite> <!-- Default suite -->
</testng-results>
