<?xml version="1.0" encoding="UTF-8"?>
<testng-results ignored="0" total="1" passed="1" failed="0" skipped="0">
  <reporter-output>
  </reporter-output>
  <suite started-at="2021-02-04T21:34:06 CET" name="Default suite" finished-at="2021-02-04T21:35:07 CET" duration-ms="60817">
    <groups>
    </groups>
    <test started-at="2021-02-04T21:34:06 CET" name="Default test" finished-at="2021-02-04T21:35:07 CET" duration-ms="60817">
      <class name="tests.DemoTests">
        <test-method signature="demoTest()[pri:0, instance:tests.DemoTests@124c278f]" started-at="2021-02-04T21:34:07 CET" name="demoTest" finished-at="2021-02-04T21:35:07 CET" duration-ms="60460" status="PASS">
          <reporter-output>
          </reporter-output>
        </test-method> <!-- demoTest -->
      </class> <!-- tests.DemoTests -->
    </test> <!-- Default test -->
  </suite> <!-- Default suite -->
</testng-results>
